<?xml version="1.0" encoding="UTF-8"?>
<!-- Generated by org.testng.reporters.JUnitXMLReporter -->
<testsuite ignored="0" hostname="LAPTOP-D61UNHL5" failures="0" tests="4" name="Default test" time="31.781" errors="0" timestamp="2024-02-02T19:34:55 IST">
  <testcase classname="logintest.Logintestcases" name="loginWithValidusernameandValidpassword" time="3.327"/>
  <testcase classname="logintest.Logintestcases" name="loginwithinvalidusernameandValidpassword" time="3.326"/>
  <testcase classname="logintest.Logintestcases" name="loginwithvalidusernameandinvalidpassword" time="3.279"/>
  <testcase classname="logintest.Logintestcases" name="loginwithnousernameandnopassword" time="3.117"/>
</testsuite> <!-- Default test -->
