<?xml version="1.0" encoding="UTF-8"?>
<!-- Generated by org.testng.reporters.JUnitXMLReporter -->
<testsuite ignored="0" hostname="LAPTOP-D61UNHL5" failures="0" tests="8" name="Test" time="31.396" errors="0" timestamp="2024-01-27T11:34:18 IST">
  <testcase classname="logintest.Logintestcases" name="loginWithValidusernameandValidpassword" time="3.246"/>
  <testcase classname="logintest.Logintestcases" name="loginwithinvalidusernameandValidpassword" time="3.415"/>
  <testcase classname="logintest.Logintestcases" name="loginwithvalidusernameandinvalidpassword" time="3.239"/>
  <testcase classname="logintest.Logintestcases" name="loginwithnousernameandnopassword" time="3.171"/>
  <testcase classname="mavenfirst.Seliniummaven" name="test1" time="0.002"/>
  <testcase classname="mavenfirst.Seliniummaven" name="test2" time="0.001"/>
  <testcase classname="mavenfirst.Seliniummaven" name="test3" time="0.01"/>
  <testcase classname="rigister.Rigistertest" name="rigisterwithallmandatoryfields" time="4.81"/>
</testsuite> <!-- Test -->
